<?xml version="1.0" encoding="UTF-8"?>
<coverage generated="1590620855563" clover="3.2.0">
  <project timestamp="1590620855563" name="All files">
    <metrics statements="84" coveredstatements="55" conditionals="4" coveredconditionals="0" methods="43" coveredmethods="23" elements="131" coveredelements="78" complexity="0" loc="84" ncloc="84" packages="4" files="9" classes="9"/>
    <package name="recipes">
      <metrics statements="37" coveredstatements="26" conditionals="0" coveredconditionals="0" methods="26" coveredmethods="15"/>
      <file name="recipes.page.html" path="/Users/kristenmuehlenthaler/KMPrograms/RecipeNew/src/app/recipes/recipes.page.html">
        <metrics statements="1" coveredstatements="1" conditionals="0" coveredconditionals="0" methods="0" coveredmethods="0"/>
        <line num="1" count="1" type="stmt"/>
      </file>
      <file name="recipes.page.ts" path="/Users/kristenmuehlenthaler/KMPrograms/RecipeNew/src/app/recipes/recipes.page.ts">
        <metrics statements="24" coveredstatements="18" conditionals="0" coveredconditionals="0" methods="16" coveredmethods="11"/>
        <line num="1" count="1" type="stmt"/>
        <line num="3" count="1" type="stmt"/>
        <line num="4" count="1" type="stmt"/>
        <line num="5" count="1" type="stmt"/>
        <line num="6" count="1" type="stmt"/>
        <line num="13" count="2" type="stmt"/>
        <line num="16" count="1" type="stmt"/>
        <line num="17" count="1" type="stmt"/>
        <line num="18" count="1" type="stmt"/>
        <line num="23" count="1" type="stmt"/>
        <line num="25" count="1" type="stmt"/>
        <line num="26" count="1" type="stmt"/>
        <line num="28" count="1" type="stmt"/>
        <line num="31" count="0" type="stmt"/>
        <line num="32" count="0" type="stmt"/>
        <line num="36" count="0" type="stmt"/>
        <line num="40" count="0" type="stmt"/>
        <line num="44" count="42" type="stmt"/>
        <line num="47" count="42" type="stmt"/>
        <line num="51" count="42" type="stmt"/>
        <line num="55" count="42" type="stmt"/>
        <line num="59" count="1" type="stmt"/>
        <line num="63" count="0" type="stmt"/>
        <line num="81" count="0" type="stmt"/>
      </file>
      <file name="recipes.service.ts" path="/Users/kristenmuehlenthaler/KMPrograms/RecipeNew/src/app/recipes/recipes.service.ts">
        <metrics statements="12" coveredstatements="7" conditionals="0" coveredconditionals="0" methods="10" coveredmethods="4"/>
        <line num="1" count="4" type="stmt"/>
        <line num="3" count="4" type="stmt"/>
        <line num="8" count="8" type="stmt"/>
        <line num="9" count="4" type="stmt"/>
        <line num="86" count="1" type="stmt"/>
        <line num="90" count="0" type="stmt"/>
        <line num="91" count="0" type="stmt"/>
        <line num="96" count="0" type="stmt"/>
        <line num="97" count="0" type="stmt"/>
        <line num="102" count="1" type="stmt"/>
        <line num="103" count="7" type="stmt"/>
        <line num="108" count="0" type="stmt"/>
      </file>
    </package>
    <package name="recipes.edit-recipe">
      <metrics statements="18" coveredstatements="10" conditionals="2" coveredconditionals="0" methods="7" coveredmethods="3"/>
      <file name="edit-recipe.page.html" path="/Users/kristenmuehlenthaler/KMPrograms/RecipeNew/src/app/recipes/edit-recipe/edit-recipe.page.html">
        <metrics statements="1" coveredstatements="1" conditionals="0" coveredconditionals="0" methods="0" coveredmethods="0"/>
        <line num="1" count="1" type="stmt"/>
      </file>
      <file name="edit-recipe.page.ts" path="/Users/kristenmuehlenthaler/KMPrograms/RecipeNew/src/app/recipes/edit-recipe/edit-recipe.page.ts">
        <metrics statements="17" coveredstatements="9" conditionals="2" coveredconditionals="0" methods="7" coveredmethods="3"/>
        <line num="1" count="1" type="stmt"/>
        <line num="2" count="1" type="stmt"/>
        <line num="3" count="1" type="stmt"/>
        <line num="11" count="2" type="stmt"/>
        <line num="14" count="1" type="stmt"/>
        <line num="15" count="1" type="stmt"/>
        <line num="16" count="1" type="stmt"/>
        <line num="19" count="1" type="stmt"/>
        <line num="20" count="1" type="cond" truecount="0" falsecount="2"/>
        <line num="21" count="0" type="stmt"/>
        <line num="22" count="0" type="stmt"/>
        <line num="24" count="0" type="stmt"/>
        <line num="25" count="0" type="stmt"/>
        <line num="30" count="0" type="stmt"/>
        <line num="34" count="0" type="stmt"/>
        <line num="38" count="0" type="stmt"/>
        <line num="42" count="0" type="stmt"/>
      </file>
    </package>
    <package name="recipes.recipe-detail">
      <metrics statements="22" coveredstatements="13" conditionals="2" coveredconditionals="0" methods="7" coveredmethods="3"/>
      <file name="recipe-detail.page.html" path="/Users/kristenmuehlenthaler/KMPrograms/RecipeNew/src/app/recipes/recipe-detail/recipe-detail.page.html">
        <metrics statements="1" coveredstatements="1" conditionals="0" coveredconditionals="0" methods="0" coveredmethods="0"/>
        <line num="1" count="1" type="stmt"/>
      </file>
      <file name="recipe-detail.page.ts" path="/Users/kristenmuehlenthaler/KMPrograms/RecipeNew/src/app/recipes/recipe-detail/recipe-detail.page.ts">
        <metrics statements="21" coveredstatements="12" conditionals="2" coveredconditionals="0" methods="7" coveredmethods="3"/>
        <line num="1" count="1" type="stmt"/>
        <line num="2" count="1" type="stmt"/>
        <line num="3" count="1" type="stmt"/>
        <line num="5" count="1" type="stmt"/>
        <line num="12" count="2" type="stmt"/>
        <line num="14" count="1" type="stmt"/>
        <line num="15" count="1" type="stmt"/>
        <line num="16" count="1" type="stmt"/>
        <line num="17" count="1" type="stmt"/>
        <line num="22" count="1" type="stmt"/>
        <line num="23" count="1" type="stmt"/>
        <line num="24" count="1" type="cond" truecount="0" falsecount="2"/>
        <line num="26" count="0" type="stmt"/>
        <line num="27" count="0" type="stmt"/>
        <line num="29" count="0" type="stmt"/>
        <line num="30" count="0" type="stmt"/>
        <line num="35" count="0" type="stmt"/>
        <line num="44" count="0" type="stmt"/>
        <line num="45" count="0" type="stmt"/>
        <line num="49" count="0" type="stmt"/>
        <line num="54" count="0" type="stmt"/>
      </file>
    </package>
    <package name="recipes.recipe-item">
      <metrics statements="7" coveredstatements="6" conditionals="0" coveredconditionals="0" methods="3" coveredmethods="2"/>
      <file name="recipe-item.component.html" path="/Users/kristenmuehlenthaler/KMPrograms/RecipeNew/src/app/recipes/recipe-item/recipe-item.component.html">
        <metrics statements="1" coveredstatements="1" conditionals="0" coveredconditionals="0" methods="0" coveredmethods="0"/>
        <line num="1" count="1" type="stmt"/>
      </file>
      <file name="recipe-item.component.ts" path="/Users/kristenmuehlenthaler/KMPrograms/RecipeNew/src/app/recipes/recipe-item/recipe-item.component.ts">
        <metrics statements="6" coveredstatements="5" conditionals="0" coveredconditionals="0" methods="3" coveredmethods="2"/>
        <line num="1" count="1" type="stmt"/>
        <line num="3" count="1" type="stmt"/>
        <line num="10" count="2" type="stmt"/>
        <line num="12" count="1" type="stmt"/>
        <line num="14" count="1" type="stmt"/>
        <line num="19" count="0" type="stmt"/>
      </file>
    </package>
  </project>
</coverage>
