{"/Users/kristenmuehlenthaler/KMPrograms/RecipeNew/src/app/recipes/recipes.page.html": {"path":"/Users/kristenmuehlenthaler/KMPrograms/RecipeNew/src/app/recipes/recipes.page.html","statementMap":{"0":{"start":{"line":1,"column":0},"end":{"line":1,"column":1783}}},"fnMap":{},"branchMap":{},"s":{"0":1},"f":{},"b":{},"inputSourceMap":null,"_coverageSchema":"1a1c01bbd47fc00a2c39e90264f33305004495a9","hash":"f1e714437956fc0eff8b5b4b7bd3c6a98016d02a"}
,"/Users/kristenmuehlenthaler/KMPrograms/RecipeNew/src/app/recipes/recipes.page.ts": {"path":"/Users/kristenmuehlenthaler/KMPrograms/RecipeNew/src/app/recipes/recipes.page.ts","statementMap":{"0":{"start":{"line":1,"column":0},"end":{"line":1,"column":null}},"1":{"start":{"line":3,"column":0},"end":{"line":3,"column":null}},"2":{"start":{"line":4,"column":0},"end":{"line":4,"column":null}},"3":{"start":{"line":5,"column":0},"end":{"line":5,"column":null}},"4":{"start":{"line":6,"column":0},"end":{"line":6,"column":null}},"5":{"start":{"line":13,"column":0},"end":{"line":13,"column":null}},"6":{"start":{"line":17,"column":22},"end":{"line":17,"column":38}},"7":{"start":{"line":16,"column":2},"end":{"line":16,"column":23}},"8":{"start":{"line":18,"column":4},"end":{"line":18,"column":9}},"9":{"start":{"line":23,"column":4},"end":{"line":23,"column":11}},"10":{"start":{"line":25,"column":4},"end":{"line":25,"column":9}},"11":{"start":{"line":26,"column":4},"end":{"line":26,"column":9}},"12":{"start":{"line":28,"column":4},"end":{"line":28,"column":9}},"13":{"start":{"line":31,"column":8},"end":{"line":31,"column":13}},"14":{"start":{"line":32,"column":8},"end":{"line":32,"column":13}},"15":{"start":{"line":36,"column":4},"end":{"line":36,"column":11}},"16":{"start":{"line":40,"column":4},"end":{"line":40,"column":9}},"17":{"start":{"line":44,"column":4},"end":{"line":44,"column":11}},"18":{"start":{"line":44,"column":48},"end":{"line":44,"column":76}},"19":{"start":{"line":47,"column":4},"end":{"line":47,"column":11}},"20":{"start":{"line":47,"column":48},"end":{"line":47,"column":75}},"21":{"start":{"line":51,"column":4},"end":{"line":51,"column":11}},"22":{"start":{"line":51,"column":48},"end":{"line":51,"column":78}},"23":{"start":{"line":55,"column":4},"end":{"line":55,"column":11}},"24":{"start":{"line":55,"column":48},"end":{"line":55,"column":77}},"25":{"start":{"line":59,"column":4},"end":{"line":59,"column":9}},"26":{"start":{"line":63,"column":4},"end":{"line":63,"column":11}},"27":{"start":{"line":81,"column":4},"end":{"line":81,"column":11}},"28":{"start":{"line":13,"column":13},"end":{"line":13,"column":24}}},"fnMap":{"0":{"name":"(anonymous_0)","decl":{"start":{"line":17,"column":2},"end":{"line":17,"column":22}},"loc":{"start":{"line":17,"column":52},"end":{"line":20,"column":null}}},"1":{"name":"(anonymous_1)","decl":{"start":{"line":22,"column":2},"end":{"line":22,"column":10}},"loc":{"start":{"line":22,"column":10},"end":{"line":34,"column":null}}},"2":{"name":"(anonymous_2)","decl":{"start":{"line":30,"column":17},"end":{"line":30,"column":23}},"loc":{"start":{"line":30,"column":26},"end":{"line":33,"column":null}}},"3":{"name":"(anonymous_3)","decl":{"start":{"line":35,"column":2},"end":{"line":35,"column":18}},"loc":{"start":{"line":35,"column":18},"end":{"line":37,"column":null}}},"4":{"name":"(anonymous_4)","decl":{"start":{"line":39,"column":2},"end":{"line":39,"column":15}},"loc":{"start":{"line":39,"column":15},"end":{"line":41,"column":null}}},"5":{"name":"(anonymous_5)","decl":{"start":{"line":43,"column":2},"end":{"line":43,"column":13}},"loc":{"start":{"line":43,"column":13},"end":{"line":45,"column":null}}},"6":{"name":"(anonymous_6)","decl":{"start":{"line":44,"column":38},"end":{"line":44,"column":44}},"loc":{"start":{"line":44,"column":48},"end":{"line":44,"column":76}}},"7":{"name":"(anonymous_7)","decl":{"start":{"line":46,"column":2},"end":{"line":46,"column":12}},"loc":{"start":{"line":46,"column":12},"end":{"line":48,"column":null}}},"8":{"name":"(anonymous_8)","decl":{"start":{"line":47,"column":38},"end":{"line":47,"column":44}},"loc":{"start":{"line":47,"column":48},"end":{"line":47,"column":75}}},"9":{"name":"(anonymous_9)","decl":{"start":{"line":50,"column":2},"end":{"line":50,"column":9}},"loc":{"start":{"line":50,"column":9},"end":{"line":52,"column":null}}},"10":{"name":"(anonymous_10)","decl":{"start":{"line":51,"column":38},"end":{"line":51,"column":44}},"loc":{"start":{"line":51,"column":48},"end":{"line":51,"column":78}}},"11":{"name":"(anonymous_11)","decl":{"start":{"line":54,"column":2},"end":{"line":54,"column":11}},"loc":{"start":{"line":54,"column":11},"end":{"line":56,"column":null}}},"12":{"name":"(anonymous_12)","decl":{"start":{"line":55,"column":38},"end":{"line":55,"column":44}},"loc":{"start":{"line":55,"column":48},"end":{"line":55,"column":77}}},"13":{"name":"(anonymous_13)","decl":{"start":{"line":58,"column":2},"end":{"line":58,"column":18}},"loc":{"start":{"line":58,"column":29},"end":{"line":60,"column":null}}},"14":{"name":"(anonymous_14)","decl":{"start":{"line":62,"column":2},"end":{"line":62,"column":11}},"loc":{"start":{"line":62,"column":11},"end":{"line":64,"column":null}}},"15":{"name":"(anonymous_15)","decl":{"start":{"line":80,"column":2},"end":{"line":80,"column":13}},"loc":{"start":{"line":80,"column":13},"end":{"line":82,"column":null}}}},"branchMap":{},"s":{"0":1,"1":1,"2":1,"3":1,"4":1,"5":1,"6":1,"7":1,"8":1,"9":1,"10":1,"11":1,"12":1,"13":0,"14":0,"15":0,"16":0,"17":6,"18":42,"19":6,"20":42,"21":6,"22":42,"23":6,"24":42,"25":1,"26":0,"27":0,"28":2},"f":{"0":1,"1":1,"2":0,"3":0,"4":0,"5":6,"6":42,"7":6,"8":42,"9":6,"10":42,"11":6,"12":42,"13":1,"14":0,"15":0},"b":{}}
,"/Users/kristenmuehlenthaler/KMPrograms/RecipeNew/src/app/recipes/recipes.service.ts": {"path":"/Users/kristenmuehlenthaler/KMPrograms/RecipeNew/src/app/recipes/recipes.service.ts","statementMap":{"0":{"start":{"line":1,"column":0},"end":{"line":1,"column":null}},"1":{"start":{"line":3,"column":0},"end":{"line":3,"column":null}},"2":{"start":{"line":8,"column":0},"end":{"line":8,"column":null}},"3":{"start":{"line":9,"column":10},"end":{"line":9,"column":30}},"4":{"start":{"line":86,"column":4},"end":{"line":86,"column":11}},"5":{"start":{"line":90,"column":4},"end":{"line":90,"column":11}},"6":{"start":{"line":91,"column":6},"end":{"line":91,"column":13}},"7":{"start":{"line":96,"column":4},"end":{"line":96,"column":9}},"8":{"start":{"line":97,"column":6},"end":{"line":97,"column":13}},"9":{"start":{"line":102,"column":4},"end":{"line":102,"column":11}},"10":{"start":{"line":103,"column":6},"end":{"line":103,"column":13}},"11":{"start":{"line":108,"column":3},"end":{"line":108,"column":10}},"12":{"start":{"line":108,"column":47},"end":{"line":108,"column":70}},"13":{"start":{"line":8,"column":13},"end":{"line":8,"column":27}}},"fnMap":{"0":{"name":"(anonymous_0)","decl":{"start":{"line":83,"column":2},"end":{"line":83,"column":19}},"loc":{"start":{"line":83,"column":2},"end":{"line":83,"column":null}}},"1":{"name":"(anonymous_1)","decl":{"start":{"line":85,"column":2},"end":{"line":85,"column":15}},"loc":{"start":{"line":85,"column":15},"end":{"line":87,"column":null}}},"2":{"name":"(anonymous_2)","decl":{"start":{"line":89,"column":2},"end":{"line":89,"column":11}},"loc":{"start":{"line":89,"column":28},"end":{"line":93,"column":null}}},"3":{"name":"(anonymous_3)","decl":{"start":{"line":90,"column":33},"end":{"line":90,"column":39}},"loc":{"start":{"line":90,"column":42},"end":{"line":92,"column":null}}},"4":{"name":"(anonymous_4)","decl":{"start":{"line":95,"column":2},"end":{"line":95,"column":14}},"loc":{"start":{"line":95,"column":31},"end":{"line":99,"column":null}}},"5":{"name":"(anonymous_5)","decl":{"start":{"line":96,"column":39},"end":{"line":96,"column":45}},"loc":{"start":{"line":96,"column":48},"end":{"line":98,"column":null}}},"6":{"name":"(anonymous_6)","decl":{"start":{"line":101,"column":2},"end":{"line":101,"column":13}},"loc":{"start":{"line":101,"column":32},"end":{"line":105,"column":null}}},"7":{"name":"(anonymous_7)","decl":{"start":{"line":102,"column":31},"end":{"line":102,"column":35}},"loc":{"start":{"line":102,"column":38},"end":{"line":104,"column":null}}},"8":{"name":"(anonymous_8)","decl":{"start":{"line":107,"column":1},"end":{"line":107,"column":14}},"loc":{"start":{"line":107,"column":29},"end":{"line":110,"column":null}}},"9":{"name":"(anonymous_9)","decl":{"start":{"line":108,"column":37},"end":{"line":108,"column":43}},"loc":{"start":{"line":108,"column":47},"end":{"line":108,"column":70}}}},"branchMap":{},"s":{"0":4,"1":4,"2":4,"3":4,"4":1,"5":0,"6":0,"7":0,"8":0,"9":1,"10":7,"11":0,"12":0,"13":8},"f":{"0":4,"1":1,"2":0,"3":0,"4":0,"5":0,"6":1,"7":7,"8":0,"9":0},"b":{}}
,"/Users/kristenmuehlenthaler/KMPrograms/RecipeNew/src/app/recipes/edit-recipe/edit-recipe.page.html": {"path":"/Users/kristenmuehlenthaler/KMPrograms/RecipeNew/src/app/recipes/edit-recipe/edit-recipe.page.html","statementMap":{"0":{"start":{"line":1,"column":0},"end":{"line":1,"column":3900}}},"fnMap":{},"branchMap":{},"s":{"0":1},"f":{},"b":{},"inputSourceMap":null,"_coverageSchema":"1a1c01bbd47fc00a2c39e90264f33305004495a9","hash":"619f1965bb9ddcc131ebf43d97ede2c2537bf649"}
,"/Users/kristenmuehlenthaler/KMPrograms/RecipeNew/src/app/recipes/edit-recipe/edit-recipe.page.ts": {"path":"/Users/kristenmuehlenthaler/KMPrograms/RecipeNew/src/app/recipes/edit-recipe/edit-recipe.page.ts","statementMap":{"0":{"start":{"line":1,"column":0},"end":{"line":1,"column":null}},"1":{"start":{"line":2,"column":0},"end":{"line":2,"column":null}},"2":{"start":{"line":3,"column":0},"end":{"line":3,"column":null}},"3":{"start":{"line":11,"column":0},"end":{"line":11,"column":null}},"4":{"start":{"line":14,"column":22},"end":{"line":14,"column":38}},"5":{"start":{"line":15,"column":22},"end":{"line":15,"column":38}},"6":{"start":{"line":16,"column":22},"end":{"line":16,"column":30}},"7":{"start":{"line":19,"column":4},"end":{"line":19,"column":9}},"8":{"start":{"line":20,"column":6},"end":{"line":23,"column":null}},"9":{"start":{"line":21,"column":8},"end":{"line":21,"column":13}},"10":{"start":{"line":22,"column":8},"end":{"line":22,"column":null}},"11":{"start":{"line":24,"column":23},"end":{"line":24,"column":31}},"12":{"start":{"line":25,"column":6},"end":{"line":25,"column":11}},"13":{"start":{"line":30,"column":4},"end":{"line":30,"column":11}},"14":{"start":{"line":34,"column":4},"end":{"line":34,"column":11}},"15":{"start":{"line":38,"column":4},"end":{"line":38,"column":11}},"16":{"start":{"line":42,"column":4},"end":{"line":42,"column":11}},"17":{"start":{"line":11,"column":13},"end":{"line":11,"column":27}}},"fnMap":{"0":{"name":"(anonymous_0)","decl":{"start":{"line":14,"column":2},"end":{"line":14,"column":22}},"loc":{"start":{"line":16,"column":36},"end":{"line":16,"column":null}}},"1":{"name":"(anonymous_1)","decl":{"start":{"line":18,"column":2},"end":{"line":18,"column":10}},"loc":{"start":{"line":18,"column":10},"end":{"line":27,"column":null}}},"2":{"name":"(anonymous_2)","decl":{"start":{"line":19,"column":43},"end":{"line":19,"column":51}},"loc":{"start":{"line":19,"column":54},"end":{"line":26,"column":null}}},"3":{"name":"(anonymous_3)","decl":{"start":{"line":29,"column":2},"end":{"line":29,"column":18}},"loc":{"start":{"line":29,"column":18},"end":{"line":31,"column":null}}},"4":{"name":"(anonymous_4)","decl":{"start":{"line":33,"column":2},"end":{"line":33,"column":12}},"loc":{"start":{"line":33,"column":12},"end":{"line":35,"column":null}}},"5":{"name":"(anonymous_5)","decl":{"start":{"line":37,"column":2},"end":{"line":37,"column":9}},"loc":{"start":{"line":37,"column":9},"end":{"line":39,"column":null}}},"6":{"name":"(anonymous_6)","decl":{"start":{"line":41,"column":2},"end":{"line":41,"column":15}},"loc":{"start":{"line":41,"column":15},"end":{"line":43,"column":null}}}},"branchMap":{"0":{"loc":{"start":{"line":20,"column":6},"end":{"line":23,"column":null}},"type":"if","locations":[{"start":{"line":20,"column":6},"end":{"line":23,"column":null}},{"start":{"line":20,"column":6},"end":{"line":23,"column":null}}]}},"s":{"0":1,"1":1,"2":1,"3":1,"4":1,"5":1,"6":1,"7":1,"8":1,"9":0,"10":0,"11":0,"12":0,"13":0,"14":0,"15":0,"16":0,"17":2},"f":{"0":1,"1":1,"2":1,"3":0,"4":0,"5":0,"6":0},"b":{"0":[0,0]}}
,"/Users/kristenmuehlenthaler/KMPrograms/RecipeNew/src/app/recipes/recipe-detail/recipe-detail.page.html": {"path":"/Users/kristenmuehlenthaler/KMPrograms/RecipeNew/src/app/recipes/recipe-detail/recipe-detail.page.html","statementMap":{"0":{"start":{"line":1,"column":0},"end":{"line":1,"column":2135}}},"fnMap":{},"branchMap":{},"s":{"0":1},"f":{},"b":{},"inputSourceMap":null,"_coverageSchema":"1a1c01bbd47fc00a2c39e90264f33305004495a9","hash":"6f74dba669ddd531e611bbe1a9f7191884f64c04"}
,"/Users/kristenmuehlenthaler/KMPrograms/RecipeNew/src/app/recipes/recipe-detail/recipe-detail.page.ts": {"path":"/Users/kristenmuehlenthaler/KMPrograms/RecipeNew/src/app/recipes/recipe-detail/recipe-detail.page.ts","statementMap":{"0":{"start":{"line":1,"column":0},"end":{"line":1,"column":null}},"1":{"start":{"line":2,"column":0},"end":{"line":2,"column":null}},"2":{"start":{"line":3,"column":0},"end":{"line":3,"column":null}},"3":{"start":{"line":5,"column":0},"end":{"line":5,"column":null}},"4":{"start":{"line":12,"column":0},"end":{"line":12,"column":null}},"5":{"start":{"line":14,"column":22},"end":{"line":14,"column":38}},"6":{"start":{"line":15,"column":22},"end":{"line":15,"column":38}},"7":{"start":{"line":16,"column":22},"end":{"line":16,"column":30}},"8":{"start":{"line":17,"column":22},"end":{"line":17,"column":33}},"9":{"start":{"line":22,"column":4},"end":{"line":22,"column":11}},"10":{"start":{"line":23,"column":4},"end":{"line":23,"column":9}},"11":{"start":{"line":24,"column":6},"end":{"line":28,"column":null}},"12":{"start":{"line":26,"column":8},"end":{"line":26,"column":13}},"13":{"start":{"line":27,"column":8},"end":{"line":27,"column":null}},"14":{"start":{"line":29,"column":23},"end":{"line":29,"column":31}},"15":{"start":{"line":30,"column":6},"end":{"line":30,"column":11}},"16":{"start":{"line":35,"column":4},"end":{"line":35,"column":9}},"17":{"start":{"line":44,"column":12},"end":{"line":44,"column":17}},"18":{"start":{"line":45,"column":12},"end":{"line":45,"column":17}},"19":{"start":{"line":49,"column":8},"end":{"line":49,"column":15}},"20":{"start":{"line":54,"column":4},"end":{"line":54,"column":9}},"21":{"start":{"line":12,"column":13},"end":{"line":12,"column":29}}},"fnMap":{"0":{"name":"(anonymous_0)","decl":{"start":{"line":14,"column":2},"end":{"line":14,"column":22}},"loc":{"start":{"line":17,"column":48},"end":{"line":19,"column":null}}},"1":{"name":"(anonymous_1)","decl":{"start":{"line":21,"column":2},"end":{"line":21,"column":10}},"loc":{"start":{"line":21,"column":10},"end":{"line":32,"column":null}}},"2":{"name":"(anonymous_2)","decl":{"start":{"line":23,"column":43},"end":{"line":23,"column":51}},"loc":{"start":{"line":23,"column":54},"end":{"line":31,"column":null}}},"3":{"name":"(anonymous_3)","decl":{"start":{"line":34,"column":2},"end":{"line":34,"column":16}},"loc":{"start":{"line":34,"column":16},"end":{"line":51,"column":null}}},"4":{"name":"(anonymous_4)","decl":{"start":{"line":43,"column":19},"end":{"line":43,"column":24}},"loc":{"start":{"line":43,"column":24},"end":{"line":46,"column":null}}},"5":{"name":"(anonymous_5)","decl":{"start":{"line":48,"column":15},"end":{"line":48,"column":22}},"loc":{"start":{"line":48,"column":25},"end":{"line":50,"column":null}}},"6":{"name":"(anonymous_6)","decl":{"start":{"line":53,"column":2},"end":{"line":53,"column":14}},"loc":{"start":{"line":53,"column":14},"end":{"line":55,"column":null}}}},"branchMap":{"0":{"loc":{"start":{"line":24,"column":6},"end":{"line":28,"column":null}},"type":"if","locations":[{"start":{"line":24,"column":6},"end":{"line":28,"column":null}},{"start":{"line":24,"column":6},"end":{"line":28,"column":null}}]}},"s":{"0":1,"1":1,"2":1,"3":1,"4":1,"5":1,"6":1,"7":1,"8":1,"9":1,"10":1,"11":1,"12":0,"13":0,"14":0,"15":0,"16":0,"17":0,"18":0,"19":0,"20":0,"21":2},"f":{"0":1,"1":1,"2":1,"3":0,"4":0,"5":0,"6":0},"b":{"0":[0,0]}}
,"/Users/kristenmuehlenthaler/KMPrograms/RecipeNew/src/app/recipes/recipe-item/recipe-item.component.html": {"path":"/Users/kristenmuehlenthaler/KMPrograms/RecipeNew/src/app/recipes/recipe-item/recipe-item.component.html","statementMap":{"0":{"start":{"line":1,"column":0},"end":{"line":1,"column":504}}},"fnMap":{},"branchMap":{},"s":{"0":1},"f":{},"b":{},"inputSourceMap":null,"_coverageSchema":"1a1c01bbd47fc00a2c39e90264f33305004495a9","hash":"5a1fe1f9c16ff57e4baa1a49d4770c3b69fd270f"}
,"/Users/kristenmuehlenthaler/KMPrograms/RecipeNew/src/app/recipes/recipe-item/recipe-item.component.ts": {"path":"/Users/kristenmuehlenthaler/KMPrograms/RecipeNew/src/app/recipes/recipe-item/recipe-item.component.ts","statementMap":{"0":{"start":{"line":1,"column":0},"end":{"line":1,"column":null}},"1":{"start":{"line":3,"column":0},"end":{"line":3,"column":null}},"2":{"start":{"line":10,"column":0},"end":{"line":10,"column":null}},"3":{"start":{"line":14,"column":22},"end":{"line":14,"column":30}},"4":{"start":{"line":19,"column":4},"end":{"line":19,"column":9}},"5":{"start":{"line":12,"column":11},"end":{"line":12,"column":30}},"6":{"start":{"line":10,"column":13},"end":{"line":10,"column":32}}},"fnMap":{"0":{"name":"(anonymous_0)","decl":{"start":{"line":14,"column":2},"end":{"line":14,"column":22}},"loc":{"start":{"line":14,"column":36},"end":{"line":14,"column":null}}},"1":{"name":"(anonymous_1)","decl":{"start":{"line":16,"column":2},"end":{"line":16,"column":10}},"loc":{"start":{"line":16,"column":10},"end":{"line":16,"column":null}}},"2":{"name":"(anonymous_2)","decl":{"start":{"line":18,"column":2},"end":{"line":18,"column":14}},"loc":{"start":{"line":18,"column":14},"end":{"line":21,"column":null}}}},"branchMap":{},"s":{"0":1,"1":1,"2":1,"3":1,"4":0,"5":1,"6":2},"f":{"0":1,"1":1,"2":0},"b":{}}
}
