TN:
SF:src/app/recipes/recipes.page.html
FNF:0
FNH:0
DA:1,1
LF:1
LH:1
BRF:0
BRH:0
end_of_record
TN:
SF:src/app/recipes/recipes.page.ts
FN:17,(anonymous_0)
FN:22,(anonymous_1)
FN:30,(anonymous_2)
FN:35,(anonymous_3)
FN:39,(anonymous_4)
FN:43,(anonymous_5)
FN:44,(anonymous_6)
FN:46,(anonymous_7)
FN:47,(anonymous_8)
FN:50,(anonymous_9)
FN:51,(anonymous_10)
FN:54,(anonymous_11)
FN:55,(anonymous_12)
FN:58,(anonymous_13)
FN:62,(anonymous_14)
FN:80,(anonymous_15)
FNF:16
FNH:11
FNDA:1,(anonymous_0)
FNDA:1,(anonymous_1)
FNDA:0,(anonymous_2)
FNDA:0,(anonymous_3)
FNDA:0,(anonymous_4)
FNDA:6,(anonymous_5)
FNDA:42,(anonymous_6)
FNDA:6,(anonymous_7)
FNDA:42,(anonymous_8)
FNDA:6,(anonymous_9)
FNDA:42,(anonymous_10)
FNDA:6,(anonymous_11)
FNDA:42,(anonymous_12)
FNDA:1,(anonymous_13)
FNDA:0,(anonymous_14)
FNDA:0,(anonymous_15)
DA:1,1
DA:3,1
DA:4,1
DA:5,1
DA:6,1
DA:13,2
DA:16,1
DA:17,1
DA:18,1
DA:23,1
DA:25,1
DA:26,1
DA:28,1
DA:31,0
DA:32,0
DA:36,0
DA:40,0
DA:44,42
DA:47,42
DA:51,42
DA:55,42
DA:59,1
DA:63,0
DA:81,0
LF:24
LH:18
BRF:0
BRH:0
end_of_record
TN:
SF:src/app/recipes/recipes.service.ts
FN:83,(anonymous_0)
FN:85,(anonymous_1)
FN:89,(anonymous_2)
FN:90,(anonymous_3)
FN:95,(anonymous_4)
FN:96,(anonymous_5)
FN:101,(anonymous_6)
FN:102,(anonymous_7)
FN:107,(anonymous_8)
FN:108,(anonymous_9)
FNF:10
FNH:4
FNDA:4,(anonymous_0)
FNDA:1,(anonymous_1)
FNDA:0,(anonymous_2)
FNDA:0,(anonymous_3)
FNDA:0,(anonymous_4)
FNDA:0,(anonymous_5)
FNDA:1,(anonymous_6)
FNDA:7,(anonymous_7)
FNDA:0,(anonymous_8)
FNDA:0,(anonymous_9)
DA:1,4
DA:3,4
DA:8,8
DA:9,4
DA:86,1
DA:90,0
DA:91,0
DA:96,0
DA:97,0
DA:102,1
DA:103,7
DA:108,0
LF:12
LH:7
BRF:0
BRH:0
end_of_record
TN:
SF:src/app/recipes/edit-recipe/edit-recipe.page.html
FNF:0
FNH:0
DA:1,1
LF:1
LH:1
BRF:0
BRH:0
end_of_record
TN:
SF:src/app/recipes/edit-recipe/edit-recipe.page.ts
FN:14,(anonymous_0)
FN:18,(anonymous_1)
FN:19,(anonymous_2)
FN:29,(anonymous_3)
FN:33,(anonymous_4)
FN:37,(anonymous_5)
FN:41,(anonymous_6)
FNF:7
FNH:3
FNDA:1,(anonymous_0)
FNDA:1,(anonymous_1)
FNDA:1,(anonymous_2)
FNDA:0,(anonymous_3)
FNDA:0,(anonymous_4)
FNDA:0,(anonymous_5)
FNDA:0,(anonymous_6)
DA:1,1
DA:2,1
DA:3,1
DA:11,2
DA:14,1
DA:15,1
DA:16,1
DA:19,1
DA:20,1
DA:21,0
DA:22,0
DA:24,0
DA:25,0
DA:30,0
DA:34,0
DA:38,0
DA:42,0
LF:17
LH:9
BRDA:20,0,0,0
BRDA:20,0,1,0
BRF:2
BRH:0
end_of_record
TN:
SF:src/app/recipes/recipe-detail/recipe-detail.page.html
FNF:0
FNH:0
DA:1,1
LF:1
LH:1
BRF:0
BRH:0
end_of_record
TN:
SF:src/app/recipes/recipe-detail/recipe-detail.page.ts
FN:14,(anonymous_0)
FN:21,(anonymous_1)
FN:23,(anonymous_2)
FN:34,(anonymous_3)
FN:43,(anonymous_4)
FN:48,(anonymous_5)
FN:53,(anonymous_6)
FNF:7
FNH:3
FNDA:1,(anonymous_0)
FNDA:1,(anonymous_1)
FNDA:1,(anonymous_2)
FNDA:0,(anonymous_3)
FNDA:0,(anonymous_4)
FNDA:0,(anonymous_5)
FNDA:0,(anonymous_6)
DA:1,1
DA:2,1
DA:3,1
DA:5,1
DA:12,2
DA:14,1
DA:15,1
DA:16,1
DA:17,1
DA:22,1
DA:23,1
DA:24,1
DA:26,0
DA:27,0
DA:29,0
DA:30,0
DA:35,0
DA:44,0
DA:45,0
DA:49,0
DA:54,0
LF:21
LH:12
BRDA:24,0,0,0
BRDA:24,0,1,0
BRF:2
BRH:0
end_of_record
TN:
SF:src/app/recipes/recipe-item/recipe-item.component.html
FNF:0
FNH:0
DA:1,1
LF:1
LH:1
BRF:0
BRH:0
end_of_record
TN:
SF:src/app/recipes/recipe-item/recipe-item.component.ts
FN:14,(anonymous_0)
FN:16,(anonymous_1)
FN:18,(anonymous_2)
FNF:3
FNH:2
FNDA:1,(anonymous_0)
FNDA:1,(anonymous_1)
FNDA:0,(anonymous_2)
DA:1,1
DA:3,1
DA:10,2
DA:12,1
DA:14,1
DA:19,0
LF:6
LH:5
BRF:0
BRH:0
end_of_record
